<?xml version="1.0" encoding="UTF-8"?>
<testng-results ignored="0" total="2" passed="2" failed="0" skipped="0">
  <reporter-output>
  </reporter-output>
  <suite started-at="2024-05-03T18:34:09 IST" name="Suite" finished-at="2024-05-03T18:34:33 IST" duration-ms="23791">
    <groups>
    </groups>
    <test started-at="2024-05-03T18:34:09 IST" name="Test" finished-at="2024-05-03T18:34:33 IST" duration-ms="23791">
      <class name="testcases.VerifyRegiestrationTestCases">
        <test-method signature="VerifyRegiestrationWithValidData()[pri:0, instance:testcases.VerifyRegiestrationTestCases@6631f5ca]" started-at="2024-05-03T18:34:09 IST" name="VerifyRegiestrationWithValidData" finished-at="2024-05-03T18:34:23 IST" duration-ms="13623" status="PASS">
          <reporter-output>
          </reporter-output>
        </test-method> <!-- VerifyRegiestrationWithValidData -->
      </class> <!-- testcases.VerifyRegiestrationTestCases -->
      <class name="testcases.VerifyLoginTestCases">
        <test-method signature="verifyLoginwithvalidData()[pri:0, instance:testcases.VerifyLoginTestCases@29d89d5d]" started-at="2024-05-03T18:34:23 IST" name="verifyLoginwithvalidData" finished-at="2024-05-03T18:34:33 IST" duration-ms="10042" status="PASS">
          <reporter-output>
          </reporter-output>
        </test-method> <!-- verifyLoginwithvalidData -->
      </class> <!-- testcases.VerifyLoginTestCases -->
    </test> <!-- Test -->
  </suite> <!-- Suite -->
</testng-results>
