<?xml version="1.0" encoding="UTF-8"?>
<testng-results ignored="0" total="2" passed="2" failed="0" skipped="0">
  <reporter-output>
  </reporter-output>
  <suite started-at="2024-04-28T23:51:33 IST" name="Suite" finished-at="2024-04-28T23:52:10 IST" duration-ms="37272">
    <groups>
    </groups>
    <test started-at="2024-04-28T23:51:33 IST" name="Test" finished-at="2024-04-28T23:52:10 IST" duration-ms="37272">
      <class name="testcases.VerifyRegiestrationTestCases">
        <test-method signature="VerifyRegiestrationWithValidData()[pri:0, instance:testcases.VerifyRegiestrationTestCases@272ed83b]" started-at="2024-04-28T23:51:33 IST" name="VerifyRegiestrationWithValidData" finished-at="2024-04-28T23:51:55 IST" duration-ms="21469" status="PASS">
          <reporter-output>
          </reporter-output>
        </test-method> <!-- VerifyRegiestrationWithValidData -->
      </class> <!-- testcases.VerifyRegiestrationTestCases -->
      <class name="testcases.VerifyLoginTestCases">
        <test-method signature="verifyLoginwithvalidData()[pri:0, instance:testcases.VerifyLoginTestCases@50ad3bc1]" started-at="2024-04-28T23:51:55 IST" name="verifyLoginwithvalidData" finished-at="2024-04-28T23:52:10 IST" duration-ms="15622" status="PASS">
          <reporter-output>
          </reporter-output>
        </test-method> <!-- verifyLoginwithvalidData -->
      </class> <!-- testcases.VerifyLoginTestCases -->
    </test> <!-- Test -->
  </suite> <!-- Suite -->
</testng-results>
